[2m2026-02-26T06:09:16.393947Z[0m [32m INFO[0m Google Drive push notifications enabled, webhook_url=https://predicted-audit-brings-authentication.trycloudflare.com/webhooks/google-drive-changes
[2m2026-02-26T06:09:16.394003Z[0m [32m INFO[0m ingestion gateway config path=gateway.toml, host=0.0.0.0, port=9100, backend=servicebus
[2m2026-02-26T06:09:16.394035Z[0m [32m INFO[0m discord gateway: no Discord bot tokens configured, skipping
[2m2026-02-26T06:09:16.394241Z[0m [32m INFO[0m Starting Google Workspace poller: docs=true, sheets=true, slides=true, interval=30s, push_notifications=true
[2m2026-02-26T06:09:16.395965Z[0m [32m INFO[0m Google Sheets poller thread started
[2m2026-02-26T06:09:16.395993Z[0m [32m INFO[0m Google Docs poller thread started
[2m2026-02-26T06:09:16.396068Z[0m [32m INFO[0m Google Slides poller thread started
[2m2026-02-26T06:09:16.532941Z[0m [32m INFO[0m BlobStore not available (missing AZURE_STORAGE_CONNECTION_STRING), using local storage only
[2m2026-02-26T06:09:16.533329Z[0m [32m INFO[0m ingestion gateway listening on 0.0.0.0:9100
[2m2026-02-26T06:09:16.326065Z[0m [32m INFO[0m Fetched 1 shared spreadsheets (cache miss)
[2m2026-02-26T06:09:16.330181Z[0m [32m INFO[0m Fetched 4 shared documents (cache miss)
[2m2026-02-26T06:09:16.709653Z[0m [32m INFO[0m Fetched 1 shared presentations (cache miss)
[2m2026-02-26T06:09:17.498804Z[0m [32m INFO[0m Registering watch channel for file 1dAzBesk0yFaHMtd4UAFerWAro7ENg_e_gOUOKYi1I5A
[2m2026-02-26T06:09:17.850794Z[0m [32m INFO[0m Registering watch channel for file 1lkQLGy4_sVTNpMogVJcDnqCZnBS_AUcdBJh_sTINaGc
[2m2026-02-26T06:09:17.865760Z[0m [32m INFO[0m Created watch channel 5b4bba74-a590-49c3-bd2a-017601de8251 for file 1dAzBesk0yFaHMtd4UAFerWAro7ENg_e_gOUOKYi1I5A, expires at 2026-02-26 07:09:17 UTC
[2m2026-02-26T06:09:17.866930Z[0m [32m INFO[0m Registered watch channel for Google Sheets file: DoWhiz_test (1dAzBesk0yFaHMtd4UAFerWAro7ENg_e_gOUOKYi1I5A)
[2m2026-02-26T06:09:18.345478Z[0m [32m INFO[0m Created watch channel a8710abf-af67-4607-a360-7351de1b7fd4 for file 1lkQLGy4_sVTNpMogVJcDnqCZnBS_AUcdBJh_sTINaGc, expires at 2026-02-26 07:09:17 UTC
[2m2026-02-26T06:09:18.346842Z[0m [32m INFO[0m Registered watch channel for Google Docs file: DoWhiz_test (1lkQLGy4_sVTNpMogVJcDnqCZnBS_AUcdBJh_sTINaGc)
[2m2026-02-26T06:09:18.383888Z[0m [32m INFO[0m Registering watch channel for file 1uDdfGnr1eqfmOVWNkBisDxA_zVXxgj-M-c3H7wZWXdg
[2m2026-02-26T06:09:18.945465Z[0m [32m INFO[0m Created watch channel d72adecc-7573-4b66-9c9a-2d316275a3d4 for file 1uDdfGnr1eqfmOVWNkBisDxA_zVXxgj-M-c3H7wZWXdg, expires at 2026-02-26 07:09:18 UTC
[2m2026-02-26T06:09:18.947642Z[0m [32m INFO[0m Registered watch channel for Google Docs file: Copy of Multiplexing Paper response (1uDdfGnr1eqfmOVWNkBisDxA_zVXxgj-M-c3H7wZWXdg)
[2m2026-02-26T06:09:18.982320Z[0m [32m INFO[0m Registering watch channel for file 1AEfOk2ED67Kmv_KK9EHno7I0-XAcU8ws96EN2mlI7hQ
[2m2026-02-26T06:09:19.453937Z[0m [32m INFO[0m Created watch channel a6c06691-bce7-4c54-a21b-077ecaa3854f for file 1AEfOk2ED67Kmv_KK9EHno7I0-XAcU8ws96EN2mlI7hQ, expires at 2026-02-26 07:09:18 UTC
[2m2026-02-26T06:09:19.456389Z[0m [32m INFO[0m Registered watch channel for Google Docs file: Multiplexing Paper response (1AEfOk2ED67Kmv_KK9EHno7I0-XAcU8ws96EN2mlI7hQ)
[2m2026-02-26T06:09:19.491266Z[0m [32m INFO[0m Registering watch channel for file 1c8OJx6emM76s5UNxC9_vASWX_1enbcWU1-SZQLGbFzU
[2m2026-02-26T06:09:19.880118Z[0m [32m INFO[0m Created watch channel 6c8de8e8-943f-41ae-a3c7-b88591c1df94 for file 1c8OJx6emM76s5UNxC9_vASWX_1enbcWU1-SZQLGbFzU, expires at 2026-02-26 07:09:19 UTC
[2m2026-02-26T06:09:19.883372Z[0m [32m INFO[0m Registered watch channel for Google Docs file: Copy of FLD1 (1c8OJx6emM76s5UNxC9_vASWX_1enbcWU1-SZQLGbFzU)
